-------------------------------------------------------------------------------
Test set: com.comarch.fiberBilling.repository.OfferServiceTest
-------------------------------------------------------------------------------
Tests run: 1, Failures: 0, Errors: 1, Skipped: 0, Time elapsed: 0.676 s <<< FAILURE! - in com.comarch.fiberBilling.repository.OfferServiceTest
getAvailableOffersTest  Time elapsed: 0.001 s  <<< ERROR!
java.lang.IllegalStateException: Failed to load ApplicationContext
Caused by: org.springframework.beans.factory.UnsatisfiedDependencyException: Error creating bean with name 'orderController' defined in file [C:\Users\Michał Wójtowicz\Projects\fiber-billing\backend\target\classes\com\comarch\fiberBilling\controller\OrderController.class]: Unsatisfied dependency expressed through constructor parameter 0; nested exception is org.springframework.beans.factory.UnsatisfiedDependencyException: Error creating bean with name 'orderServiceImpl' defined in file [C:\Users\Michał Wójtowicz\Projects\fiber-billing\backend\target\classes\com\comarch\fiberBilling\service\impl\OrderServiceImpl.class]: Unsatisfied dependency expressed through constructor parameter 2; nested exception is org.springframework.beans.factory.BeanCreationException: Error creating bean with name 'orderItemRepository' defined in com.comarch.fiberBilling.repository.OrderItemRepository defined in @EnableJpaRepositories declared on JpaRepositoriesRegistrar.EnableJpaRepositoriesConfiguration: Invocation of init method failed; nested exception is org.springframework.data.repository.query.QueryCreationException: Could not create query for public abstract org.springframework.data.domain.Page com.comarch.fiberBilling.repository.OrderItemRepository.findByClientData(com.comarch.fiberBilling.model.entity.ClientData,org.springframework.data.domain.Pageable); Reason: Failed to create query for method public abstract org.springframework.data.domain.Page com.comarch.fiberBilling.repository.OrderItemRepository.findByClientData(com.comarch.fiberBilling.model.entity.ClientData,org.springframework.data.domain.Pageable)! No property 'clientData' found for type 'OrderItem'; nested exception is java.lang.IllegalArgumentException: Failed to create query for method public abstract org.springframework.data.domain.Page com.comarch.fiberBilling.repository.OrderItemRepository.findByClientData(com.comarch.fiberBilling.model.entity.ClientData,org.springframework.data.domain.Pageable)! No property 'clientData' found for type 'OrderItem'
Caused by: org.springframework.beans.factory.UnsatisfiedDependencyException: Error creating bean with name 'orderServiceImpl' defined in file [C:\Users\Michał Wójtowicz\Projects\fiber-billing\backend\target\classes\com\comarch\fiberBilling\service\impl\OrderServiceImpl.class]: Unsatisfied dependency expressed through constructor parameter 2; nested exception is org.springframework.beans.factory.BeanCreationException: Error creating bean with name 'orderItemRepository' defined in com.comarch.fiberBilling.repository.OrderItemRepository defined in @EnableJpaRepositories declared on JpaRepositoriesRegistrar.EnableJpaRepositoriesConfiguration: Invocation of init method failed; nested exception is org.springframework.data.repository.query.QueryCreationException: Could not create query for public abstract org.springframework.data.domain.Page com.comarch.fiberBilling.repository.OrderItemRepository.findByClientData(com.comarch.fiberBilling.model.entity.ClientData,org.springframework.data.domain.Pageable); Reason: Failed to create query for method public abstract org.springframework.data.domain.Page com.comarch.fiberBilling.repository.OrderItemRepository.findByClientData(com.comarch.fiberBilling.model.entity.ClientData,org.springframework.data.domain.Pageable)! No property 'clientData' found for type 'OrderItem'; nested exception is java.lang.IllegalArgumentException: Failed to create query for method public abstract org.springframework.data.domain.Page com.comarch.fiberBilling.repository.OrderItemRepository.findByClientData(com.comarch.fiberBilling.model.entity.ClientData,org.springframework.data.domain.Pageable)! No property 'clientData' found for type 'OrderItem'
Caused by: org.springframework.beans.factory.BeanCreationException: Error creating bean with name 'orderItemRepository' defined in com.comarch.fiberBilling.repository.OrderItemRepository defined in @EnableJpaRepositories declared on JpaRepositoriesRegistrar.EnableJpaRepositoriesConfiguration: Invocation of init method failed; nested exception is org.springframework.data.repository.query.QueryCreationException: Could not create query for public abstract org.springframework.data.domain.Page com.comarch.fiberBilling.repository.OrderItemRepository.findByClientData(com.comarch.fiberBilling.model.entity.ClientData,org.springframework.data.domain.Pageable); Reason: Failed to create query for method public abstract org.springframework.data.domain.Page com.comarch.fiberBilling.repository.OrderItemRepository.findByClientData(com.comarch.fiberBilling.model.entity.ClientData,org.springframework.data.domain.Pageable)! No property 'clientData' found for type 'OrderItem'; nested exception is java.lang.IllegalArgumentException: Failed to create query for method public abstract org.springframework.data.domain.Page com.comarch.fiberBilling.repository.OrderItemRepository.findByClientData(com.comarch.fiberBilling.model.entity.ClientData,org.springframework.data.domain.Pageable)! No property 'clientData' found for type 'OrderItem'
Caused by: org.springframework.data.repository.query.QueryCreationException: Could not create query for public abstract org.springframework.data.domain.Page com.comarch.fiberBilling.repository.OrderItemRepository.findByClientData(com.comarch.fiberBilling.model.entity.ClientData,org.springframework.data.domain.Pageable); Reason: Failed to create query for method public abstract org.springframework.data.domain.Page com.comarch.fiberBilling.repository.OrderItemRepository.findByClientData(com.comarch.fiberBilling.model.entity.ClientData,org.springframework.data.domain.Pageable)! No property 'clientData' found for type 'OrderItem'; nested exception is java.lang.IllegalArgumentException: Failed to create query for method public abstract org.springframework.data.domain.Page com.comarch.fiberBilling.repository.OrderItemRepository.findByClientData(com.comarch.fiberBilling.model.entity.ClientData,org.springframework.data.domain.Pageable)! No property 'clientData' found for type 'OrderItem'
Caused by: java.lang.IllegalArgumentException: Failed to create query for method public abstract org.springframework.data.domain.Page com.comarch.fiberBilling.repository.OrderItemRepository.findByClientData(com.comarch.fiberBilling.model.entity.ClientData,org.springframework.data.domain.Pageable)! No property 'clientData' found for type 'OrderItem'
Caused by: org.springframework.data.mapping.PropertyReferenceException: No property 'clientData' found for type 'OrderItem'

